<?xml version="1.0" encoding="UTF-8"?>
<testsuite xmlns:xsi="http://www.w3.org/2001/XMLSchema-instance" xsi:noNamespaceSchemaLocation="https://maven.apache.org/surefire/maven-surefire-plugin/xsd/surefire-test-report-3.0.xsd" version="3.0" name="UserDaoTest" time="6.217" tests="2" errors="0" skipped="0" failures="0">
  <properties>
    <property name="java.specification.version" value="17"/>
    <property name="sun.cpu.isalist" value="amd64"/>
    <property name="sun.jnu.encoding" value="GBK"/>
    <property name="java.class.path" value="D:\learn\cloverassociation\back\target\test-classes;D:\learn\cloverassociation\back\target\classes;D:\learn\lib\maven\repository\org\springframework\boot\spring-boot-starter-web\3.3.3\spring-boot-starter-web-3.3.3.jar;D:\learn\lib\maven\repository\org\springframework\boot\spring-boot-starter\3.3.3\spring-boot-starter-3.3.3.jar;D:\learn\lib\maven\repository\org\springframework\boot\spring-boot-starter-logging\3.3.3\spring-boot-starter-logging-3.3.3.jar;D:\learn\lib\maven\repository\ch\qos\logback\logback-classic\1.5.7\logback-classic-1.5.7.jar;D:\learn\lib\maven\repository\ch\qos\logback\logback-core\1.5.7\logback-core-1.5.7.jar;D:\learn\lib\maven\repository\org\apache\logging\log4j\log4j-to-slf4j\2.23.1\log4j-to-slf4j-2.23.1.jar;D:\learn\lib\maven\repository\org\apache\logging\log4j\log4j-api\2.23.1\log4j-api-2.23.1.jar;D:\learn\lib\maven\repository\org\slf4j\jul-to-slf4j\2.0.16\jul-to-slf4j-2.0.16.jar;D:\learn\lib\maven\repository\jakarta\annotation\jakarta.annotation-api\2.1.1\jakarta.annotation-api-2.1.1.jar;D:\learn\lib\maven\repository\org\yaml\snakeyaml\2.2\snakeyaml-2.2.jar;D:\learn\lib\maven\repository\org\springframework\boot\spring-boot-starter-json\3.3.3\spring-boot-starter-json-3.3.3.jar;D:\learn\lib\maven\repository\com\fasterxml\jackson\core\jackson-databind\2.17.2\jackson-databind-2.17.2.jar;D:\learn\lib\maven\repository\com\fasterxml\jackson\core\jackson-annotations\2.17.2\jackson-annotations-2.17.2.jar;D:\learn\lib\maven\repository\com\fasterxml\jackson\core\jackson-core\2.17.2\jackson-core-2.17.2.jar;D:\learn\lib\maven\repository\com\fasterxml\jackson\datatype\jackson-datatype-jdk8\2.17.2\jackson-datatype-jdk8-2.17.2.jar;D:\learn\lib\maven\repository\com\fasterxml\jackson\datatype\jackson-datatype-jsr310\2.17.2\jackson-datatype-jsr310-2.17.2.jar;D:\learn\lib\maven\repository\com\fasterxml\jackson\module\jackson-module-parameter-names\2.17.2\jackson-module-parameter-names-2.17.2.jar;D:\learn\lib\maven\repository\org\springframework\boot\spring-boot-starter-tomcat\3.3.3\spring-boot-starter-tomcat-3.3.3.jar;D:\learn\lib\maven\repository\org\apache\tomcat\embed\tomcat-embed-core\10.1.28\tomcat-embed-core-10.1.28.jar;D:\learn\lib\maven\repository\org\apache\tomcat\embed\tomcat-embed-el\10.1.28\tomcat-embed-el-10.1.28.jar;D:\learn\lib\maven\repository\org\apache\tomcat\embed\tomcat-embed-websocket\10.1.28\tomcat-embed-websocket-10.1.28.jar;D:\learn\lib\maven\repository\org\springframework\spring-web\6.1.12\spring-web-6.1.12.jar;D:\learn\lib\maven\repository\org\springframework\spring-beans\6.1.12\spring-beans-6.1.12.jar;D:\learn\lib\maven\repository\io\micrometer\micrometer-observation\1.13.3\micrometer-observation-1.13.3.jar;D:\learn\lib\maven\repository\io\micrometer\micrometer-commons\1.13.3\micrometer-commons-1.13.3.jar;D:\learn\lib\maven\repository\org\springframework\spring-webmvc\6.1.12\spring-webmvc-6.1.12.jar;D:\learn\lib\maven\repository\org\springframework\spring-context\6.1.12\spring-context-6.1.12.jar;D:\learn\lib\maven\repository\org\springframework\spring-expression\6.1.12\spring-expression-6.1.12.jar;D:\learn\lib\maven\repository\mysql\mysql-connector-java\8.0.28\mysql-connector-java-8.0.28.jar;D:\learn\lib\maven\repository\com\google\protobuf\protobuf-java\3.11.4\protobuf-java-3.11.4.jar;D:\learn\lib\maven\repository\com\alibaba\druid-spring-boot-starter\1.2.23\druid-spring-boot-starter-1.2.23.jar;D:\learn\lib\maven\repository\com\alibaba\druid\1.2.23\druid-1.2.23.jar;D:\learn\lib\maven\repository\org\slf4j\slf4j-api\2.0.16\slf4j-api-2.0.16.jar;D:\learn\lib\maven\repository\org\springframework\boot\spring-boot-autoconfigure\3.3.3\spring-boot-autoconfigure-3.3.3.jar;D:\learn\lib\maven\repository\org\glassfish\jaxb\jaxb-runtime\4.0.5\jaxb-runtime-4.0.5.jar;D:\learn\lib\maven\repository\org\glassfish\jaxb\jaxb-core\4.0.5\jaxb-core-4.0.5.jar;D:\learn\lib\maven\repository\org\eclipse\angus\angus-activation\2.0.2\angus-activation-2.0.2.jar;D:\learn\lib\maven\repository\org\glassfish\jaxb\txw2\4.0.5\txw2-4.0.5.jar;D:\learn\lib\maven\repository\com\sun\istack\istack-commons-runtime\4.1.2\istack-commons-runtime-4.1.2.jar;D:\learn\lib\maven\repository\org\mybatis\spring\boot\mybatis-spring-boot-starter\3.0.3\mybatis-spring-boot-starter-3.0.3.jar;D:\learn\lib\maven\repository\org\mybatis\spring\boot\mybatis-spring-boot-autoconfigure\3.0.3\mybatis-spring-boot-autoconfigure-3.0.3.jar;D:\learn\lib\maven\repository\org\mybatis\mybatis\3.5.14\mybatis-3.5.14.jar;D:\learn\lib\maven\repository\org\mybatis\mybatis-spring\3.0.3\mybatis-spring-3.0.3.jar;D:\learn\lib\maven\repository\org\springframework\boot\spring-boot-starter-aop\3.3.3\spring-boot-starter-aop-3.3.3.jar;D:\learn\lib\maven\repository\org\springframework\spring-aop\6.1.12\spring-aop-6.1.12.jar;D:\learn\lib\maven\repository\org\aspectj\aspectjweaver\1.9.22.1\aspectjweaver-1.9.22.1.jar;D:\learn\lib\maven\repository\org\springframework\boot\spring-boot-starter-jdbc\3.3.3\spring-boot-starter-jdbc-3.3.3.jar;D:\learn\lib\maven\repository\com\zaxxer\HikariCP\5.1.0\HikariCP-5.1.0.jar;D:\learn\lib\maven\repository\org\springframework\spring-jdbc\6.1.12\spring-jdbc-6.1.12.jar;D:\learn\lib\maven\repository\org\springframework\spring-tx\6.1.12\spring-tx-6.1.12.jar;D:\learn\lib\maven\repository\com\github\pagehelper\pagehelper-spring-boot-starter\1.4.6\pagehelper-spring-boot-starter-1.4.6.jar;D:\learn\lib\maven\repository\com\github\pagehelper\pagehelper-spring-boot-autoconfigure\1.4.6\pagehelper-spring-boot-autoconfigure-1.4.6.jar;D:\learn\lib\maven\repository\com\github\pagehelper\pagehelper\5.3.2\pagehelper-5.3.2.jar;D:\learn\lib\maven\repository\com\github\jsqlparser\jsqlparser\4.5\jsqlparser-4.5.jar;D:\learn\lib\maven\repository\org\springframework\boot\spring-boot-starter-test\3.3.3\spring-boot-starter-test-3.3.3.jar;D:\learn\lib\maven\repository\org\springframework\boot\spring-boot-test\3.3.3\spring-boot-test-3.3.3.jar;D:\learn\lib\maven\repository\org\springframework\boot\spring-boot-test-autoconfigure\3.3.3\spring-boot-test-autoconfigure-3.3.3.jar;D:\learn\lib\maven\repository\com\jayway\jsonpath\json-path\2.9.0\json-path-2.9.0.jar;D:\learn\lib\maven\repository\jakarta\xml\bind\jakarta.xml.bind-api\4.0.2\jakarta.xml.bind-api-4.0.2.jar;D:\learn\lib\maven\repository\jakarta\activation\jakarta.activation-api\2.1.3\jakarta.activation-api-2.1.3.jar;D:\learn\lib\maven\repository\net\minidev\json-smart\2.5.1\json-smart-2.5.1.jar;D:\learn\lib\maven\repository\net\minidev\accessors-smart\2.5.1\accessors-smart-2.5.1.jar;D:\learn\lib\maven\repository\org\ow2\asm\asm\9.6\asm-9.6.jar;D:\learn\lib\maven\repository\org\assertj\assertj-core\3.25.3\assertj-core-3.25.3.jar;D:\learn\lib\maven\repository\net\bytebuddy\byte-buddy\1.14.19\byte-buddy-1.14.19.jar;D:\learn\lib\maven\repository\org\awaitility\awaitility\4.2.2\awaitility-4.2.2.jar;D:\learn\lib\maven\repository\org\hamcrest\hamcrest\2.2\hamcrest-2.2.jar;D:\learn\lib\maven\repository\org\junit\jupiter\junit-jupiter\5.10.3\junit-jupiter-5.10.3.jar;D:\learn\lib\maven\repository\org\junit\jupiter\junit-jupiter-api\5.10.3\junit-jupiter-api-5.10.3.jar;D:\learn\lib\maven\repository\org\opentest4j\opentest4j\1.3.0\opentest4j-1.3.0.jar;D:\learn\lib\maven\repository\org\junit\platform\junit-platform-commons\1.10.3\junit-platform-commons-1.10.3.jar;D:\learn\lib\maven\repository\org\apiguardian\apiguardian-api\1.1.2\apiguardian-api-1.1.2.jar;D:\learn\lib\maven\repository\org\junit\jupiter\junit-jupiter-params\5.10.3\junit-jupiter-params-5.10.3.jar;D:\learn\lib\maven\repository\org\junit\jupiter\junit-jupiter-engine\5.10.3\junit-jupiter-engine-5.10.3.jar;D:\learn\lib\maven\repository\org\junit\platform\junit-platform-engine\1.10.3\junit-platform-engine-1.10.3.jar;D:\learn\lib\maven\repository\org\mockito\mockito-core\5.11.0\mockito-core-5.11.0.jar;D:\learn\lib\maven\repository\net\bytebuddy\byte-buddy-agent\1.14.19\byte-buddy-agent-1.14.19.jar;D:\learn\lib\maven\repository\org\objenesis\objenesis\3.3\objenesis-3.3.jar;D:\learn\lib\maven\repository\org\mockito\mockito-junit-jupiter\5.11.0\mockito-junit-jupiter-5.11.0.jar;D:\learn\lib\maven\repository\org\skyscreamer\jsonassert\1.5.3\jsonassert-1.5.3.jar;D:\learn\lib\maven\repository\com\vaadin\external\google\android-json\0.0.20131108.vaadin1\android-json-0.0.20131108.vaadin1.jar;D:\learn\lib\maven\repository\org\springframework\spring-core\6.1.12\spring-core-6.1.12.jar;D:\learn\lib\maven\repository\org\springframework\spring-jcl\6.1.12\spring-jcl-6.1.12.jar;D:\learn\lib\maven\repository\org\springframework\spring-test\6.1.12\spring-test-6.1.12.jar;D:\learn\lib\maven\repository\org\xmlunit\xmlunit-core\2.9.1\xmlunit-core-2.9.1.jar;D:\learn\lib\maven\repository\org\springframework\boot\spring-boot-devtools\3.3.3\spring-boot-devtools-3.3.3.jar;D:\learn\lib\maven\repository\org\springframework\boot\spring-boot\3.3.3\spring-boot-3.3.3.jar;D:\learn\lib\maven\repository\org\projectlombok\lombok\1.18.34\lombok-1.18.34.jar;D:\learn\lib\maven\repository\junit\junit\4.13.2\junit-4.13.2.jar;D:\learn\lib\maven\repository\org\hamcrest\hamcrest-core\2.2\hamcrest-core-2.2.jar;"/>
    <property name="java.vm.vendor" value="Oracle Corporation"/>
    <property name="sun.arch.data.model" value="64"/>
    <property name="user.variant" value=""/>
    <property name="java.vendor.url" value="https://java.oracle.com/"/>
    <property name="user.timezone" value="Asia/Hong_Kong"/>
    <property name="os.name" value="Windows 11"/>
    <property name="java.vm.specification.version" value="17"/>
    <property name="sun.java.launcher" value="SUN_STANDARD"/>
    <property name="user.country" value="CN"/>
    <property name="sun.boot.library.path" value="C:\Program Files\Java\jdk-17.0.4.1\bin"/>
    <property name="sun.java.command" value="C:\Users\19706\AppData\Local\Temp\surefire11311513342415963408\surefirebooter-20250312171835220_3.jar C:\Users\19706\AppData\Local\Temp\surefire11311513342415963408 2025-03-12T17-18-35_012-jvmRun1 surefire-20250312171835220_1tmp surefire_0-20250312171835220_2tmp"/>
    <property name="jdk.debug" value="release"/>
    <property name="surefire.test.class.path" value="D:\learn\cloverassociation\back\target\test-classes;D:\learn\cloverassociation\back\target\classes;D:\learn\lib\maven\repository\org\springframework\boot\spring-boot-starter-web\3.3.3\spring-boot-starter-web-3.3.3.jar;D:\learn\lib\maven\repository\org\springframework\boot\spring-boot-starter\3.3.3\spring-boot-starter-3.3.3.jar;D:\learn\lib\maven\repository\org\springframework\boot\spring-boot-starter-logging\3.3.3\spring-boot-starter-logging-3.3.3.jar;D:\learn\lib\maven\repository\ch\qos\logback\logback-classic\1.5.7\logback-classic-1.5.7.jar;D:\learn\lib\maven\repository\ch\qos\logback\logback-core\1.5.7\logback-core-1.5.7.jar;D:\learn\lib\maven\repository\org\apache\logging\log4j\log4j-to-slf4j\2.23.1\log4j-to-slf4j-2.23.1.jar;D:\learn\lib\maven\repository\org\apache\logging\log4j\log4j-api\2.23.1\log4j-api-2.23.1.jar;D:\learn\lib\maven\repository\org\slf4j\jul-to-slf4j\2.0.16\jul-to-slf4j-2.0.16.jar;D:\learn\lib\maven\repository\jakarta\annotation\jakarta.annotation-api\2.1.1\jakarta.annotation-api-2.1.1.jar;D:\learn\lib\maven\repository\org\yaml\snakeyaml\2.2\snakeyaml-2.2.jar;D:\learn\lib\maven\repository\org\springframework\boot\spring-boot-starter-json\3.3.3\spring-boot-starter-json-3.3.3.jar;D:\learn\lib\maven\repository\com\fasterxml\jackson\core\jackson-databind\2.17.2\jackson-databind-2.17.2.jar;D:\learn\lib\maven\repository\com\fasterxml\jackson\core\jackson-annotations\2.17.2\jackson-annotations-2.17.2.jar;D:\learn\lib\maven\repository\com\fasterxml\jackson\core\jackson-core\2.17.2\jackson-core-2.17.2.jar;D:\learn\lib\maven\repository\com\fasterxml\jackson\datatype\jackson-datatype-jdk8\2.17.2\jackson-datatype-jdk8-2.17.2.jar;D:\learn\lib\maven\repository\com\fasterxml\jackson\datatype\jackson-datatype-jsr310\2.17.2\jackson-datatype-jsr310-2.17.2.jar;D:\learn\lib\maven\repository\com\fasterxml\jackson\module\jackson-module-parameter-names\2.17.2\jackson-module-parameter-names-2.17.2.jar;D:\learn\lib\maven\repository\org\springframework\boot\spring-boot-starter-tomcat\3.3.3\spring-boot-starter-tomcat-3.3.3.jar;D:\learn\lib\maven\repository\org\apache\tomcat\embed\tomcat-embed-core\10.1.28\tomcat-embed-core-10.1.28.jar;D:\learn\lib\maven\repository\org\apache\tomcat\embed\tomcat-embed-el\10.1.28\tomcat-embed-el-10.1.28.jar;D:\learn\lib\maven\repository\org\apache\tomcat\embed\tomcat-embed-websocket\10.1.28\tomcat-embed-websocket-10.1.28.jar;D:\learn\lib\maven\repository\org\springframework\spring-web\6.1.12\spring-web-6.1.12.jar;D:\learn\lib\maven\repository\org\springframework\spring-beans\6.1.12\spring-beans-6.1.12.jar;D:\learn\lib\maven\repository\io\micrometer\micrometer-observation\1.13.3\micrometer-observation-1.13.3.jar;D:\learn\lib\maven\repository\io\micrometer\micrometer-commons\1.13.3\micrometer-commons-1.13.3.jar;D:\learn\lib\maven\repository\org\springframework\spring-webmvc\6.1.12\spring-webmvc-6.1.12.jar;D:\learn\lib\maven\repository\org\springframework\spring-context\6.1.12\spring-context-6.1.12.jar;D:\learn\lib\maven\repository\org\springframework\spring-expression\6.1.12\spring-expression-6.1.12.jar;D:\learn\lib\maven\repository\mysql\mysql-connector-java\8.0.28\mysql-connector-java-8.0.28.jar;D:\learn\lib\maven\repository\com\google\protobuf\protobuf-java\3.11.4\protobuf-java-3.11.4.jar;D:\learn\lib\maven\repository\com\alibaba\druid-spring-boot-starter\1.2.23\druid-spring-boot-starter-1.2.23.jar;D:\learn\lib\maven\repository\com\alibaba\druid\1.2.23\druid-1.2.23.jar;D:\learn\lib\maven\repository\org\slf4j\slf4j-api\2.0.16\slf4j-api-2.0.16.jar;D:\learn\lib\maven\repository\org\springframework\boot\spring-boot-autoconfigure\3.3.3\spring-boot-autoconfigure-3.3.3.jar;D:\learn\lib\maven\repository\org\glassfish\jaxb\jaxb-runtime\4.0.5\jaxb-runtime-4.0.5.jar;D:\learn\lib\maven\repository\org\glassfish\jaxb\jaxb-core\4.0.5\jaxb-core-4.0.5.jar;D:\learn\lib\maven\repository\org\eclipse\angus\angus-activation\2.0.2\angus-activation-2.0.2.jar;D:\learn\lib\maven\repository\org\glassfish\jaxb\txw2\4.0.5\txw2-4.0.5.jar;D:\learn\lib\maven\repository\com\sun\istack\istack-commons-runtime\4.1.2\istack-commons-runtime-4.1.2.jar;D:\learn\lib\maven\repository\org\mybatis\spring\boot\mybatis-spring-boot-starter\3.0.3\mybatis-spring-boot-starter-3.0.3.jar;D:\learn\lib\maven\repository\org\mybatis\spring\boot\mybatis-spring-boot-autoconfigure\3.0.3\mybatis-spring-boot-autoconfigure-3.0.3.jar;D:\learn\lib\maven\repository\org\mybatis\mybatis\3.5.14\mybatis-3.5.14.jar;D:\learn\lib\maven\repository\org\mybatis\mybatis-spring\3.0.3\mybatis-spring-3.0.3.jar;D:\learn\lib\maven\repository\org\springframework\boot\spring-boot-starter-aop\3.3.3\spring-boot-starter-aop-3.3.3.jar;D:\learn\lib\maven\repository\org\springframework\spring-aop\6.1.12\spring-aop-6.1.12.jar;D:\learn\lib\maven\repository\org\aspectj\aspectjweaver\1.9.22.1\aspectjweaver-1.9.22.1.jar;D:\learn\lib\maven\repository\org\springframework\boot\spring-boot-starter-jdbc\3.3.3\spring-boot-starter-jdbc-3.3.3.jar;D:\learn\lib\maven\repository\com\zaxxer\HikariCP\5.1.0\HikariCP-5.1.0.jar;D:\learn\lib\maven\repository\org\springframework\spring-jdbc\6.1.12\spring-jdbc-6.1.12.jar;D:\learn\lib\maven\repository\org\springframework\spring-tx\6.1.12\spring-tx-6.1.12.jar;D:\learn\lib\maven\repository\com\github\pagehelper\pagehelper-spring-boot-starter\1.4.6\pagehelper-spring-boot-starter-1.4.6.jar;D:\learn\lib\maven\repository\com\github\pagehelper\pagehelper-spring-boot-autoconfigure\1.4.6\pagehelper-spring-boot-autoconfigure-1.4.6.jar;D:\learn\lib\maven\repository\com\github\pagehelper\pagehelper\5.3.2\pagehelper-5.3.2.jar;D:\learn\lib\maven\repository\com\github\jsqlparser\jsqlparser\4.5\jsqlparser-4.5.jar;D:\learn\lib\maven\repository\org\springframework\boot\spring-boot-starter-test\3.3.3\spring-boot-starter-test-3.3.3.jar;D:\learn\lib\maven\repository\org\springframework\boot\spring-boot-test\3.3.3\spring-boot-test-3.3.3.jar;D:\learn\lib\maven\repository\org\springframework\boot\spring-boot-test-autoconfigure\3.3.3\spring-boot-test-autoconfigure-3.3.3.jar;D:\learn\lib\maven\repository\com\jayway\jsonpath\json-path\2.9.0\json-path-2.9.0.jar;D:\learn\lib\maven\repository\jakarta\xml\bind\jakarta.xml.bind-api\4.0.2\jakarta.xml.bind-api-4.0.2.jar;D:\learn\lib\maven\repository\jakarta\activation\jakarta.activation-api\2.1.3\jakarta.activation-api-2.1.3.jar;D:\learn\lib\maven\repository\net\minidev\json-smart\2.5.1\json-smart-2.5.1.jar;D:\learn\lib\maven\repository\net\minidev\accessors-smart\2.5.1\accessors-smart-2.5.1.jar;D:\learn\lib\maven\repository\org\ow2\asm\asm\9.6\asm-9.6.jar;D:\learn\lib\maven\repository\org\assertj\assertj-core\3.25.3\assertj-core-3.25.3.jar;D:\learn\lib\maven\repository\net\bytebuddy\byte-buddy\1.14.19\byte-buddy-1.14.19.jar;D:\learn\lib\maven\repository\org\awaitility\awaitility\4.2.2\awaitility-4.2.2.jar;D:\learn\lib\maven\repository\org\hamcrest\hamcrest\2.2\hamcrest-2.2.jar;D:\learn\lib\maven\repository\org\junit\jupiter\junit-jupiter\5.10.3\junit-jupiter-5.10.3.jar;D:\learn\lib\maven\repository\org\junit\jupiter\junit-jupiter-api\5.10.3\junit-jupiter-api-5.10.3.jar;D:\learn\lib\maven\repository\org\opentest4j\opentest4j\1.3.0\opentest4j-1.3.0.jar;D:\learn\lib\maven\repository\org\junit\platform\junit-platform-commons\1.10.3\junit-platform-commons-1.10.3.jar;D:\learn\lib\maven\repository\org\apiguardian\apiguardian-api\1.1.2\apiguardian-api-1.1.2.jar;D:\learn\lib\maven\repository\org\junit\jupiter\junit-jupiter-params\5.10.3\junit-jupiter-params-5.10.3.jar;D:\learn\lib\maven\repository\org\junit\jupiter\junit-jupiter-engine\5.10.3\junit-jupiter-engine-5.10.3.jar;D:\learn\lib\maven\repository\org\junit\platform\junit-platform-engine\1.10.3\junit-platform-engine-1.10.3.jar;D:\learn\lib\maven\repository\org\mockito\mockito-core\5.11.0\mockito-core-5.11.0.jar;D:\learn\lib\maven\repository\net\bytebuddy\byte-buddy-agent\1.14.19\byte-buddy-agent-1.14.19.jar;D:\learn\lib\maven\repository\org\objenesis\objenesis\3.3\objenesis-3.3.jar;D:\learn\lib\maven\repository\org\mockito\mockito-junit-jupiter\5.11.0\mockito-junit-jupiter-5.11.0.jar;D:\learn\lib\maven\repository\org\skyscreamer\jsonassert\1.5.3\jsonassert-1.5.3.jar;D:\learn\lib\maven\repository\com\vaadin\external\google\android-json\0.0.20131108.vaadin1\android-json-0.0.20131108.vaadin1.jar;D:\learn\lib\maven\repository\org\springframework\spring-core\6.1.12\spring-core-6.1.12.jar;D:\learn\lib\maven\repository\org\springframework\spring-jcl\6.1.12\spring-jcl-6.1.12.jar;D:\learn\lib\maven\repository\org\springframework\spring-test\6.1.12\spring-test-6.1.12.jar;D:\learn\lib\maven\repository\org\xmlunit\xmlunit-core\2.9.1\xmlunit-core-2.9.1.jar;D:\learn\lib\maven\repository\org\springframework\boot\spring-boot-devtools\3.3.3\spring-boot-devtools-3.3.3.jar;D:\learn\lib\maven\repository\org\springframework\boot\spring-boot\3.3.3\spring-boot-3.3.3.jar;D:\learn\lib\maven\repository\org\projectlombok\lombok\1.18.34\lombok-1.18.34.jar;D:\learn\lib\maven\repository\junit\junit\4.13.2\junit-4.13.2.jar;D:\learn\lib\maven\repository\org\hamcrest\hamcrest-core\2.2\hamcrest-core-2.2.jar;"/>
    <property name="sun.cpu.endian" value="little"/>
    <property name="user.home" value="C:\Users\19706"/>
    <property name="user.language" value="zh"/>
    <property name="java.specification.vendor" value="Oracle Corporation"/>
    <property name="java.version.date" value="2022-08-18"/>
    <property name="java.home" value="C:\Program Files\Java\jdk-17.0.4.1"/>
    <property name="file.separator" value="\"/>
    <property name="basedir" value="D:\learn\cloverassociation\back"/>
    <property name="java.vm.compressedOopsMode" value="Zero based"/>
    <property name="line.separator" value="&#10;"/>
    <property name="java.vm.specification.vendor" value="Oracle Corporation"/>
    <property name="java.specification.name" value="Java Platform API Specification"/>
    <property name="FILE_LOG_CHARSET" value="GBK"/>
    <property name="java.awt.headless" value="true"/>
    <property name="surefire.real.class.path" value="C:\Users\19706\AppData\Local\Temp\surefire11311513342415963408\surefirebooter-20250312171835220_3.jar"/>
    <property name="user.script" value=""/>
    <property name="sun.management.compiler" value="HotSpot 64-Bit Tiered Compilers"/>
    <property name="java.runtime.version" value="17.0.4.1+1-LTS-2"/>
    <property name="user.name" value="19706"/>
    <property name="path.separator" value=";"/>
    <property name="os.version" value="10.0"/>
    <property name="java.runtime.name" value="Java(TM) SE Runtime Environment"/>
    <property name="file.encoding" value="GBK"/>
    <property name="java.vm.name" value="Java HotSpot(TM) 64-Bit Server VM"/>
    <property name="localRepository" value="D:\learn\lib\maven\repository"/>
    <property name="java.vendor.url.bug" value="https://bugreport.java.com/bugreport/"/>
    <property name="java.io.tmpdir" value="C:\Users\19706\AppData\Local\Temp\"/>
    <property name="idea.version" value="2024.3.3"/>
    <property name="java.version" value="17.0.4.1"/>
    <property name="user.dir" value="D:\learn\cloverassociation\back"/>
    <property name="os.arch" value="amd64"/>
    <property name="java.vm.specification.name" value="Java Virtual Machine Specification"/>
    <property name="PID" value="31684"/>
    <property name="sun.os.patch.level" value=""/>
    <property name="CONSOLE_LOG_CHARSET" value="GBK"/>
    <property name="native.encoding" value="GBK"/>
    <property name="java.library.path" value="C:\Program Files\Java\jdk-17.0.4.1\bin;C:\WINDOWS\Sun\Java\bin;C:\WINDOWS\system32;C:\WINDOWS;C:\Program Files\PlasticSCM5\server;C:\Program Files\PlasticSCM5\client;D:\VmWare\bin\;C:\Program Files\Common Files\Oracle\Java\javapath;C:\Program Files (x86)\Common Files\Oracle\Java\javapath;C:\Windows\system32;C:\Windows;C:\Windows\System32\Wbem;C:\Windows\System32\WindowsPowerShell\v1.0\;C:\Windows\System32\OpenSSH\;C:\Program Files (x86)\NVIDIA Corporation\PhysX\Common;C:\Program Files\dotnet\;C:\WINDOWS\system32;C:\WINDOWS;C:\WINDOWS\System32\Wbem;C:\WINDOWS\System32\WindowsPowerShell\v1.0\;C:\WINDOWS\System32\OpenSSH\;C:\Program Files\Java\jre1.8.0_291\bin;C:\Users\19706\AppData\Local\Microsoft\WindowsApps;C:\Users\19706\.dotnet\tools;C:\Program Files (x86)\Tencent\QQGameTempest\Hall.57821\;C:\WINDOWS\SysWOW64;C:\Program Files\python;C:\Program Files\python\Scripts;D:\BtSoft\panel\script;C:\Program Files\nodejs\;C:\Program Files\nodejs\node_modules\npm\bin;C:\Program Files (x86)\Windows Kits\10\Windows Performance Toolkit\;C:\Program Files\Python\Python.exe;C:\Users\19706\AppData\Roaming\Python\Python38\Scripts;C:\Program Files\Git\cmd;D:\learn\lib\maven\bin;D:\learn\lib\edgedrive;C:\Program Files\Graphviz\bin;C:\Program Files\NVIDIA Corporation\NVIDIA app\NvDLISR;C:\WINDOWS\system32;C:\WINDOWS;C:\WINDOWS\System32\Wbem;C:\WINDOWS\System32\WindowsPowerShell\v1.0\;C:\WINDOWS\System32\OpenSSH\;D:\learn\lib\grade\gradle-8.12.1\bin\;C:\Users\19706\AppData\Local\Programs\Python\Python38-32\Scripts\;C:\Users\19706\AppData\Local\Programs\Python\Python38-32\;D:\QQGameTempest\Hall.58012\;C:\Program Files\Java\jdk-17.0.4.1\bin;C:\Program Files\Java\jre1.8.0_351\bin;D:\Microsoft VS Code\bin;C:\Program Files\MySQL\MySQL Server 8.0\bin;D:\learn\WebTOM\bin\;C:\Users\19706\AppData\Roaming\npm;C:\Users\19706\AppData\Local\GitHubDesktop\bin;C:\Program Files\python\Lib\bin;C:\Users\19706\AppData\Local\Microsoft\WindowsApps;."/>
    <property name="java.vm.info" value="mixed mode, sharing"/>
    <property name="java.vendor" value="Oracle Corporation"/>
    <property name="java.vm.version" value="17.0.4.1+1-LTS-2"/>
    <property name="sun.io.unicode.encoding" value="UnicodeLittle"/>
    <property name="java.class.version" value="61.0"/>
  </properties>
  <testcase name="testFindUserByUserName" classname="UserDaoTest" time="2.535">
    <system-out><![CDATA[17:18:36.617 [main] INFO org.springframework.boot.devtools.restart.RestartApplicationListener -- Restart disabled due to context in which it is running

  .   ____          _            __ _ _
 /\\ / ___'_ __ _ _(_)_ __  __ _ \ \ \ \
( ( )\___ | '_ | '_| | '_ \/ _` | \ \ \ \
 \\/  ___)| |_)| | | | | || (_| |  ) ) ) )
  '  |____| .__|_| |_|_| |_\__, | / / / /
 =========|_|==============|___/=/_/_/_/

 :: Spring Boot ::                (v3.3.3)

2025-03-12T17:18:37.009+08:00  INFO 31684 --- [           main] UserDaoTest                              : Starting UserDaoTest using Java 17.0.4.1 with PID 31684 (started by 19706 in D:\learn\cloverassociation\back)
2025-03-12T17:18:37.014+08:00  INFO 31684 --- [           main] UserDaoTest                              : The following 2 profiles are active: "springmvc", "mybatis"
2025-03-12T17:18:39.656+08:00  INFO 31684 --- [           main] UserDaoTest                              : Started UserDaoTest in 3.058 seconds (process running for 4.261)
2025-03-12T17:18:41.159+08:00  INFO 31684 --- [           main] com.alibaba.druid.pool.DruidDataSource   : {dataSource-1} inited
User{id=1, avatar='default.png', description='null', username='clover', password='clover20040302'}
]]></system-out>
  </testcase>
  <testcase name="testRegisterUser" classname="UserDaoTest" time="0.099">
    <system-out><![CDATA[2025-03-12T17:18:42.320+08:00  INFO 31684 --- [           main] com.clover.service.imp.UserServiceImpl   : 用户名已存在: clover
0
]]></system-out>
  </testcase>
</testsuite>